-->2017-03-11 00:00:40,841 - DEBUG - Converting XML to COPASI
-->2017-03-11 00:00:40,842 - DEBUG - sbml file: D:\MPhil\Python\My_Python_Modules\Modelling_Tools\PydentifyingBiomodelFoldersFromPyCoTools\PydentifyingBiomodels4\BIOMD0000000308\Tyson2003_NegFB_Oscillator.xml
-->2017-03-11 00:00:40,844 - DEBUG - cps file: D:\MPhil\Python\My_Python_Modules\Modelling_Tools\PydentifyingBiomodelFoldersFromPyCoTools\PydentifyingBiomodels4\BIOMD0000000308\Tyson2003_NegFB_Oscillator.cps
-->2017-03-11 00:00:40,979 - DEBUG - sbml file: D:\MPhil\Python\My_Python_Modules\Modelling_Tools\PydentifyingBiomodelFoldersFromPyCoTools\PydentifyingBiomodels4\BIOMD0000000429\Schaber2012_-_Hog_pathway_in_yeast.xml
-->2017-03-11 00:00:40,980 - DEBUG - cps file: D:\MPhil\Python\My_Python_Modules\Modelling_Tools\PydentifyingBiomodelFoldersFromPyCoTools\PydentifyingBiomodels4\BIOMD0000000429\Schaber2012_-_Hog_pathway_in_yeast.cps
-->2017-03-11 00:00:41,509 - DEBUG - sbml file: D:\MPhil\Python\My_Python_Modules\Modelling_Tools\PydentifyingBiomodelFoldersFromPyCoTools\PydentifyingBiomodels4\BIOMD0000000309\Tyson2003_NegFB_Homeostasis.xml
-->2017-03-11 00:00:41,509 - DEBUG - cps file: D:\MPhil\Python\My_Python_Modules\Modelling_Tools\PydentifyingBiomodelFoldersFromPyCoTools\PydentifyingBiomodels4\BIOMD0000000309\Tyson2003_NegFB_Homeostasis.cps
-->2017-03-11 00:00:41,627 - DEBUG - sbml file: D:\MPhil\Python\My_Python_Modules\Modelling_Tools\PydentifyingBiomodelFoldersFromPyCoTools\PydentifyingBiomodels4\BIOMD0000000306\Tyson2003_Activator_Inhibitor.xml
-->2017-03-11 00:00:41,628 - DEBUG - cps file: D:\MPhil\Python\My_Python_Modules\Modelling_Tools\PydentifyingBiomodelFoldersFromPyCoTools\PydentifyingBiomodels4\BIOMD0000000306\Tyson2003_Activator_Inhibitor.cps
-->2017-03-11 00:00:41,759 - DEBUG - sbml file: D:\MPhil\Python\My_Python_Modules\Modelling_Tools\PydentifyingBiomodelFoldersFromPyCoTools\PydentifyingBiomodels4\BIOMD0000000548\Sneppen2009_-_Modeling_proteasome_dynamics_in_Parkinson_s_disease.xml
-->2017-03-11 00:00:41,759 - DEBUG - cps file: D:\MPhil\Python\My_Python_Modules\Modelling_Tools\PydentifyingBiomodelFoldersFromPyCoTools\PydentifyingBiomodels4\BIOMD0000000548\Sneppen2009_-_Modeling_proteasome_dynamics_in_Parkinson_s_disease.cps
-->2017-03-11 00:00:41,895 - DEBUG - sbml file: D:\MPhil\Python\My_Python_Modules\Modelling_Tools\PydentifyingBiomodelFoldersFromPyCoTools\PydentifyingBiomodels4\BIOMD0000000307\Tyson2003_Substrate_Depletion_Osc.xml
-->2017-03-11 00:00:41,897 - DEBUG - cps file: D:\MPhil\Python\My_Python_Modules\Modelling_Tools\PydentifyingBiomodelFoldersFromPyCoTools\PydentifyingBiomodels4\BIOMD0000000307\Tyson2003_Substrate_Depletion_Osc.cps
-->2017-03-11 00:00:42,028 - DEBUG - sbml file: D:\MPhil\Python\My_Python_Modules\Modelling_Tools\PydentifyingBiomodelFoldersFromPyCoTools\PydentifyingBiomodels4\BIOMD0000000428\Achcar2012_-_Glycolysis_in_bloodstream_form_T._brucei.xml
-->2017-03-11 00:00:42,029 - DEBUG - cps file: D:\MPhil\Python\My_Python_Modules\Modelling_Tools\PydentifyingBiomodelFoldersFromPyCoTools\PydentifyingBiomodels4\BIOMD0000000428\Achcar2012_-_Glycolysis_in_bloodstream_form_T._brucei.cps
-->2017-03-11 00:00:42,263 - DEBUG - sbml file: D:\MPhil\Python\My_Python_Modules\Modelling_Tools\PydentifyingBiomodelFoldersFromPyCoTools\PydentifyingBiomodels4\BIOMD0000000549\Baker2013_-_Cytokine_Mediated_Inflammation_in_Rheumatoid_Arthritis_-_Age_Dependant.xml
-->2017-03-11 00:00:42,263 - DEBUG - cps file: D:\MPhil\Python\My_Python_Modules\Modelling_Tools\PydentifyingBiomodelFoldersFromPyCoTools\PydentifyingBiomodels4\BIOMD0000000549\Baker2013_-_Cytokine_Mediated_Inflammation_in_Rheumatoid_Arthritis_-_Age_Dependant.cps
-->2017-03-11 00:00:42,368 - DEBUG - sbml file: D:\MPhil\Python\My_Python_Modules\Modelling_Tools\PydentifyingBiomodelFoldersFromPyCoTools\PydentifyingBiomodels4\BIOMD0000000304\Plant1981_BurstingNerveCells.xml
-->2017-03-11 00:00:42,368 - DEBUG - cps file: D:\MPhil\Python\My_Python_Modules\Modelling_Tools\PydentifyingBiomodelFoldersFromPyCoTools\PydentifyingBiomodels4\BIOMD0000000304\Plant1981_BurstingNerveCells.cps
-->2017-03-11 00:00:42,502 - DEBUG - sbml file: D:\MPhil\Python\My_Python_Modules\Modelling_Tools\PydentifyingBiomodelFoldersFromPyCoTools\PydentifyingBiomodels4\BIOMD0000000425\Tan2012_-_Antibiotic_Treatment__Inoculum_Effect.xml
-->2017-03-11 00:00:42,503 - DEBUG - cps file: D:\MPhil\Python\My_Python_Modules\Modelling_Tools\PydentifyingBiomodelFoldersFromPyCoTools\PydentifyingBiomodels4\BIOMD0000000425\Tan2012_-_Antibiotic_Treatment__Inoculum_Effect.cps
-->2017-03-11 00:00:42,607 - DEBUG - sbml file: D:\MPhil\Python\My_Python_Modules\Modelling_Tools\PydentifyingBiomodelFoldersFromPyCoTools\PydentifyingBiomodels4\BIOMD0000000546\Miao2010_-_Innate_and_adaptive_immune_responses_to_primary_Influenza_A_Virus_infection.xml
-->2017-03-11 00:00:42,608 - DEBUG - cps file: D:\MPhil\Python\My_Python_Modules\Modelling_Tools\PydentifyingBiomodelFoldersFromPyCoTools\PydentifyingBiomodels4\BIOMD0000000546\Miao2010_-_Innate_and_adaptive_immune_responses_to_primary_Influenza_A_Virus_infection.cps
-->2017-03-11 00:00:42,739 - INFO - full SBML to cps conversion took 1.89600014687s
-->2017-03-11 00:00:42,743 - DEBUG - pydentifying: D:\MPhil\Python\My_Python_Modules\Modelling_Tools\PydentifyingBiomodelFoldersFromPyCoTools\PydentifyingBiomodels4\BIOMD0000000308\Tyson2003_NegFB_Oscillator.cps
-->2017-03-11 00:03:30,678 - DEBUG - pydentifying: D:\MPhil\Python\My_Python_Modules\Modelling_Tools\PydentifyingBiomodelFoldersFromPyCoTools\PydentifyingBiomodels4\BIOMD0000000429\Schaber2012_-_Hog_pathway_in_yeast.cps
-->2017-03-11 00:04:13,713 - DEBUG - pydentifying: D:\MPhil\Python\My_Python_Modules\Modelling_Tools\PydentifyingBiomodelFoldersFromPyCoTools\PydentifyingBiomodels4\BIOMD0000000309\Tyson2003_NegFB_Homeostasis.cps
-->2017-03-11 00:04:57,612 - DEBUG - pydentifying: D:\MPhil\Python\My_Python_Modules\Modelling_Tools\PydentifyingBiomodelFoldersFromPyCoTools\PydentifyingBiomodels4\BIOMD0000000306\Tyson2003_Activator_Inhibitor.cps
