actionid: tox
msg: packaging
cmdargs: ['c:\\anaconda2\\python.exe', local('C:\\Users\\Ciaran\\Documents\\PyCoTools\\setup.py'), 'sdist', '--formats=zip', '--dist-dir', local('C:\\Users\\Ciaran\\Documents\\PyCoTools\\.tox\\dist')]
env: None

running sdist
running egg_info
writing requirements to PyCoTools.egg-info\requires.txt
writing PyCoTools.egg-info\PKG-INFO
writing top-level names to PyCoTools.egg-info\top_level.txt
writing dependency_links to PyCoTools.egg-info\dependency_links.txt
reading manifest file 'PyCoTools.egg-info\SOURCES.txt'
writing manifest file 'PyCoTools.egg-info\SOURCES.txt'
warning: sdist: standard file not found: should have one of README, README.rst, README.txt

running check
creating PyCoTools-3.4.3
creating PyCoTools-3.4.3\PyCoTools
creating PyCoTools-3.4.3\PyCoTools.egg-info
creating PyCoTools-3.4.3\PyCoTools\Documentation
creating PyCoTools-3.4.3\PyCoTools\Examples
creating PyCoTools-3.4.3\PyCoTools\Examples\BioModelsWorkflowVersion1
creating PyCoTools-3.4.3\PyCoTools\Examples\KholodenkoExample
creating PyCoTools-3.4.3\PyCoTools\PyCoToolsTutorial
creating PyCoTools-3.4.3\PyCoTools\Scripts
creating PyCoTools-3.4.3\PyCoTools\Tests
copying files to PyCoTools-3.4.3...
copying setup.py -> PyCoTools-3.4.3
copying PyCoTools\Errors.py -> PyCoTools-3.4.3\PyCoTools
copying PyCoTools\Misc.py -> PyCoTools-3.4.3\PyCoTools
copying PyCoTools\PEAnalysis.py -> PyCoTools-3.4.3\PyCoTools
copying PyCoTools\ReadMe.md -> PyCoTools-3.4.3\PyCoTools
copying PyCoTools\__init__.py -> PyCoTools-3.4.3\PyCoTools
copying PyCoTools\cellular_automata.py -> PyCoTools-3.4.3\PyCoTools
copying PyCoTools\logging_config.conf -> PyCoTools-3.4.3\PyCoTools
copying PyCoTools\pycopi.py -> PyCoTools-3.4.3\PyCoTools
copying PyCoTools\pydentify2.py -> PyCoTools-3.4.3\PyCoTools
copying PyCoTools.egg-info\PKG-INFO -> PyCoTools-3.4.3\PyCoTools.egg-info
copying PyCoTools.egg-info\SOURCES.txt -> PyCoTools-3.4.3\PyCoTools.egg-info
copying PyCoTools.egg-info\dependency_links.txt -> PyCoTools-3.4.3\PyCoTools.egg-info
copying PyCoTools.egg-info\requires.txt -> PyCoTools-3.4.3\PyCoTools.egg-info
copying PyCoTools.egg-info\top_level.txt -> PyCoTools-3.4.3\PyCoTools.egg-info
copying PyCoTools\Documentation\PEAnalysis.html -> PyCoTools-3.4.3\PyCoTools\Documentation
copying PyCoTools\Documentation\pycpoi.html -> PyCoTools-3.4.3\PyCoTools\Documentation
copying PyCoTools\Documentation\pydentify2.html -> PyCoTools-3.4.3\PyCoTools\Documentation
copying PyCoTools\Examples\BioModelsWorkflowVersion1\AddNoiseToTimeCourseData.py -> PyCoTools-3.4.3\PyCoTools\Examples\BioModelsWorkflowVersion1
copying PyCoTools\Examples\BioModelsWorkflowVersion1\ConvertModelsToCps.py -> PyCoTools-3.4.3\PyCoTools\Examples\BioModelsWorkflowVersion1
copying PyCoTools\Examples\BioModelsWorkflowVersion1\ConvertModelsToCps.pyc -> PyCoTools-3.4.3\PyCoTools\Examples\BioModelsWorkflowVersion1
copying PyCoTools\Examples\BioModelsWorkflowVersion1\DownloadCuratedModelsFromBioModels.py -> PyCoTools-3.4.3\PyCoTools\Examples\BioModelsWorkflowVersion1
copying PyCoTools\Examples\BioModelsWorkflowVersion1\GetStats.py -> PyCoTools-3.4.3\PyCoTools\Examples\BioModelsWorkflowVersion1
copying PyCoTools\Examples\BioModelsWorkflowVersion1\MakingPrettyGraphsForPublication.py -> PyCoTools-3.4.3\PyCoTools\Examples\BioModelsWorkflowVersion1
copying PyCoTools\Examples\BioModelsWorkflowVersion1\MedianNumberOfParameter.py -> PyCoTools-3.4.3\PyCoTools\Examples\BioModelsWorkflowVersion1
copying PyCoTools\Examples\BioModelsWorkflowVersion1\NoisySimulatedDataPickle.pickle -> PyCoTools-3.4.3\PyCoTools\Examples\BioModelsWorkflowVersion1
copying PyCoTools\Examples\BioModelsWorkflowVersion1\NumParametersData.png -> PyCoTools-3.4.3\PyCoTools\Examples\BioModelsWorkflowVersion1
copying PyCoTools\Examples\BioModelsWorkflowVersion1\PlotPLs.py -> PyCoTools-3.4.3\PyCoTools\Examples\BioModelsWorkflowVersion1
copying PyCoTools\Examples\BioModelsWorkflowVersion1\PlotSpaceSpaceForEachModel.py -> PyCoTools-3.4.3\PyCoTools\Examples\BioModelsWorkflowVersion1
copying PyCoTools\Examples\BioModelsWorkflowVersion1\PrunePEDataHeaders.py -> PyCoTools-3.4.3\PyCoTools\Examples\BioModelsWorkflowVersion1
copying PyCoTools\Examples\BioModelsWorkflowVersion1\ReadMe.txt -> PyCoTools-3.4.3\PyCoTools\Examples\BioModelsWorkflowVersion1
copying PyCoTools\Examples\BioModelsWorkflowVersion1\Run1PL.py -> PyCoTools-3.4.3\PyCoTools\Examples\BioModelsWorkflowVersion1
copying PyCoTools\Examples\BioModelsWorkflowVersion1\RunParameterEstimationForEachModel.py -> PyCoTools-3.4.3\PyCoTools\Examples\BioModelsWorkflowVersion1
copying PyCoTools\Examples\BioModelsWorkflowVersion1\RunProfileLikelihoodOnEachModel.py -> PyCoTools-3.4.3\PyCoTools\Examples\BioModelsWorkflowVersion1
copying PyCoTools\Examples\BioModelsWorkflowVersion1\RunTimeCourseForEachModel.py -> PyCoTools-3.4.3\PyCoTools\Examples\BioModelsWorkflowVersion1
copying PyCoTools\Examples\BioModelsWorkflowVersion1\RunWorkflow.py -> PyCoTools-3.4.3\PyCoTools\Examples\BioModelsWorkflowVersion1
copying PyCoTools\Examples\BioModelsWorkflowVersion1\cps_file_pickle.pickle -> PyCoTools-3.4.3\PyCoTools\Examples\BioModelsWorkflowVersion1
copying PyCoTools\Examples\BioModelsWorkflowVersion1\timecourseResultPickle.pickle -> PyCoTools-3.4.3\PyCoTools\Examples\BioModelsWorkflowVersion1
copying PyCoTools\Examples\KholodenkoExample\1GlobalPEData.pickle -> PyCoTools-3.4.3\PyCoTools\Examples\KholodenkoExample
copying PyCoTools\Examples\KholodenkoExample\1LocalPEData.pickle -> PyCoTools-3.4.3\PyCoTools\Examples\KholodenkoExample
copying PyCoTools\Examples\KholodenkoExample\2GlobalPEData.pickle -> PyCoTools-3.4.3\PyCoTools\Examples\KholodenkoExample
copying PyCoTools\Examples\KholodenkoExample\2LocalPEData.pickle -> PyCoTools-3.4.3\PyCoTools\Examples\KholodenkoExample
copying PyCoTools\Examples\KholodenkoExample\AddNoiseToKholodenkoTimeCourse.py -> PyCoTools-3.4.3\PyCoTools\Examples\KholodenkoExample
copying PyCoTools\Examples\KholodenkoExample\AddNoiseToKholodenkoTimeCourse.pyc -> PyCoTools-3.4.3\PyCoTools\Examples\KholodenkoExample
copying PyCoTools\Examples\KholodenkoExample\AnalyseLocalParameterEstimationWithKholodenko.py -> PyCoTools-3.4.3\PyCoTools\Examples\KholodenkoExample
copying PyCoTools\Examples\KholodenkoExample\AnalyseParameterEstimationWithKholodenko.py -> PyCoTools-3.4.3\PyCoTools\Examples\KholodenkoExample
copying PyCoTools\Examples\KholodenkoExample\BIOMD0000000010 (2).xml -> PyCoTools-3.4.3\PyCoTools\Examples\KholodenkoExample
copying PyCoTools\Examples\KholodenkoExample\ComparePEMethods.py -> PyCoTools-3.4.3\PyCoTools\Examples\KholodenkoExample
copying PyCoTools\Examples\KholodenkoExample\D__MPhil_Python_My_Python_Modules_Modelling_Tools_PyCoTools_PyCoTools_Examples_Celliere2011Example_NoisyCelliere2011TimeCourseOutput.txt -> PyCoTools-3.4.3\PyCoTools\Examples\KholodenkoExample
copying PyCoTools\Examples\KholodenkoExample\Figure1AWorkflow.PNG -> PyCoTools-3.4.3\PyCoTools\Examples\KholodenkoExample
copying PyCoTools\Examples\KholodenkoExample\FilePaths.py -> PyCoTools-3.4.3\PyCoTools\Examples\KholodenkoExample
copying PyCoTools\Examples\KholodenkoExample\FilePaths.pyc -> PyCoTools-3.4.3\PyCoTools\Examples\KholodenkoExample
copying PyCoTools\Examples\KholodenkoExample\Kholodenko.cps -> PyCoTools-3.4.3\PyCoTools\Examples\KholodenkoExample
copying PyCoTools\Examples\KholodenkoExample\Kholodenko2000Network.xml -> PyCoTools-3.4.3\PyCoTools\Examples\KholodenkoExample
copying PyCoTools\Examples\KholodenkoExample\KholodenkoNetworkImage.PNG -> PyCoTools-3.4.3\PyCoTools\Examples\KholodenkoExample
copying PyCoTools\Examples\KholodenkoExample\KholodenkoTimeCourseOutput.txt -> PyCoTools-3.4.3\PyCoTools\Examples\KholodenkoExample
copying PyCoTools\Examples\KholodenkoExample\Kholodenko_PE_results.txt -> PyCoTools-3.4.3\PyCoTools\Examples\KholodenkoExample
copying PyCoTools\Examples\KholodenkoExample\Kholodenko_TimeCourse.txt -> PyCoTools-3.4.3\PyCoTools\Examples\KholodenkoExample
copying PyCoTools\Examples\KholodenkoExample\Kholodenko_temp_TimeCourse.txt -> PyCoTools-3.4.3\PyCoTools\Examples\KholodenkoExample
copying PyCoTools\Examples\KholodenkoExample\LocalPEData.txt -> PyCoTools-3.4.3\PyCoTools\Examples\KholodenkoExample
copying PyCoTools\Examples\KholodenkoExample\LocalPEData0.txt -> PyCoTools-3.4.3\PyCoTools\Examples\KholodenkoExample
copying PyCoTools\Examples\KholodenkoExample\ModelCalibrationWorkflow.ipynb -> PyCoTools-3.4.3\PyCoTools\Examples\KholodenkoExample
copying PyCoTools\Examples\KholodenkoExample\NoisyKholodenkoTimeCourseOutput.txt -> PyCoTools-3.4.3\PyCoTools\Examples\KholodenkoExample
copying PyCoTools\Examples\KholodenkoExample\NoisyKholodenkoTimeCourseOutput2.txt -> PyCoTools-3.4.3\PyCoTools\Examples\KholodenkoExample
copying PyCoTools\Examples\KholodenkoExample\PEData.pickle -> PyCoTools-3.4.3\PyCoTools\Examples\KholodenkoExample
copying PyCoTools\Examples\KholodenkoExample\PEResultsFile.txt -> PyCoTools-3.4.3\PyCoTools\Examples\KholodenkoExample
copying PyCoTools\Examples\KholodenkoExample\PlotPLWithKholodenko.py -> PyCoTools-3.4.3\PyCoTools\Examples\KholodenkoExample
copying PyCoTools\Examples\KholodenkoExample\Profile.txt -> PyCoTools-3.4.3\PyCoTools\Examples\KholodenkoExample
copying PyCoTools\Examples\KholodenkoExample\PyCoToolsTutorial.ipynb -> PyCoTools-3.4.3\PyCoTools\Examples\KholodenkoExample
copying PyCoTools\Examples\KholodenkoExample\RealKholodenko2000Parameters.PNG -> PyCoTools-3.4.3\PyCoTools\Examples\KholodenkoExample
copying PyCoTools\Examples\KholodenkoExample\RunLocalPEWithKholodenko.py -> PyCoTools-3.4.3\PyCoTools\Examples\KholodenkoExample
copying PyCoTools\Examples\KholodenkoExample\RunPLWithKholodenko.py -> PyCoTools-3.4.3\PyCoTools\Examples\KholodenkoExample
copying PyCoTools\Examples\KholodenkoExample\RunParameterEstimationWithKholodenko.py -> PyCoTools-3.4.3\PyCoTools\Examples\KholodenkoExample
copying PyCoTools\Examples\KholodenkoExample\RunTimeCourseWithKholodenko.py -> PyCoTools-3.4.3\PyCoTools\Examples\KholodenkoExample
copying PyCoTools\Examples\KholodenkoExample\RunTimeCourseWithKholodenko.pyc -> PyCoTools-3.4.3\PyCoTools\Examples\KholodenkoExample
copying PyCoTools\Examples\KholodenkoExample\TimeCourseOutput.txt -> PyCoTools-3.4.3\PyCoTools\Examples\KholodenkoExample
copying PyCoTools\Examples\KholodenkoExample\__init__.py -> PyCoTools-3.4.3\PyCoTools\Examples\KholodenkoExample
copying PyCoTools\Examples\KholodenkoExample\fitItemTemplate.JPG -> PyCoTools-3.4.3\PyCoTools\Examples\KholodenkoExample
copying PyCoTools\Examples\KholodenkoExample\fitItemTemplate.xlsx -> PyCoTools-3.4.3\PyCoTools\Examples\KholodenkoExample
copying PyCoTools\Examples\KholodenkoExample\log.log -> PyCoTools-3.4.3\PyCoTools\Examples\KholodenkoExample
copying PyCoTools\PyCoToolsTutorial\FilePaths.py -> PyCoTools-3.4.3\PyCoTools\PyCoToolsTutorial
copying PyCoTools\PyCoToolsTutorial\Getting Model Quantities.ipynb -> PyCoTools-3.4.3\PyCoTools\PyCoToolsTutorial
copying PyCoTools\PyCoToolsTutorial\Identifiability Analysis.ipynb -> PyCoTools-3.4.3\PyCoTools\PyCoToolsTutorial
copying PyCoTools\PyCoToolsTutorial\InsertParameters.ipynb -> PyCoTools-3.4.3\PyCoTools\PyCoToolsTutorial
copying PyCoTools\PyCoToolsTutorial\InstallationAndConfiguration.ipynb -> PyCoTools-3.4.3\PyCoTools\PyCoToolsTutorial
copying PyCoTools\PyCoToolsTutorial\Kholodenko.cps -> PyCoTools-3.4.3\PyCoTools\PyCoToolsTutorial
copying PyCoTools\PyCoToolsTutorial\ModelSelection.ipynb -> PyCoTools-3.4.3\PyCoTools\PyCoToolsTutorial
copying PyCoTools\PyCoToolsTutorial\MultipleParameterEstimations.ipynb -> PyCoTools-3.4.3\PyCoTools\PyCoToolsTutorial
copying PyCoTools\PyCoToolsTutorial\ParameterEstimationAnalysis.ipynb -> PyCoTools-3.4.3\PyCoTools\PyCoToolsTutorial
copying PyCoTools\PyCoToolsTutorial\Profile Likelihoods.ipynb -> PyCoTools-3.4.3\PyCoTools\PyCoToolsTutorial
copying PyCoTools\PyCoToolsTutorial\PyCoToolsTutorial.html -> PyCoTools-3.4.3\PyCoTools\PyCoToolsTutorial
copying PyCoTools\PyCoToolsTutorial\PyCoToolsTutorial.ipynb -> PyCoTools-3.4.3\PyCoTools\PyCoToolsTutorial
copying PyCoTools\PyCoToolsTutorial\References.ipynb -> PyCoTools-3.4.3\PyCoTools\PyCoToolsTutorial
copying PyCoTools\PyCoToolsTutorial\Scan.ipynb -> PyCoTools-3.4.3\PyCoTools\PyCoToolsTutorial
copying PyCoTools\PyCoToolsTutorial\Scripts.ipynb -> PyCoTools-3.4.3\PyCoTools\PyCoToolsTutorial
copying PyCoTools\PyCoToolsTutorial\Single Parameter Estimations.ipynb -> PyCoTools-3.4.3\PyCoTools\PyCoToolsTutorial
copying PyCoTools\PyCoToolsTutorial\Timecourse.ipynb -> PyCoTools-3.4.3\PyCoTools\PyCoToolsTutorial
copying PyCoTools\PyCoToolsTutorial\__init__.py -> PyCoTools-3.4.3\PyCoTools\PyCoToolsTutorial
copying PyCoTools\Scripts\__init__.py -> PyCoTools-3.4.3\PyCoTools\Scripts
copying PyCoTools\Scripts\calculate_biomodels_computation_time.py -> PyCoTools-3.4.3\PyCoTools\Scripts
copying PyCoTools\Scripts\compare_sim_vs_exp.py -> PyCoTools-3.4.3\PyCoTools\Scripts
copying PyCoTools\Scripts\delete_SGE_jobs.py -> PyCoTools-3.4.3\PyCoTools\Scripts
copying PyCoTools\Scripts\fit_analysis.py -> PyCoTools-3.4.3\PyCoTools\Scripts
copying PyCoTools\Scripts\insertPE.py -> PyCoTools-3.4.3\PyCoTools\Scripts
copying PyCoTools\Scripts\ls.py -> PyCoTools-3.4.3\PyCoTools\Scripts
copying PyCoTools\Scripts\plot_PL.py -> PyCoTools-3.4.3\PyCoTools\Scripts
copying PyCoTools\Scripts\pydentify_biomodels.py -> PyCoTools-3.4.3\PyCoTools\Scripts
copying PyCoTools\Scripts\pydentify_model.py -> PyCoTools-3.4.3\PyCoTools\Scripts
copying PyCoTools\Scripts\run_PL.py -> PyCoTools-3.4.3\PyCoTools\Scripts
copying PyCoTools\Scripts\run_local_chaser_PEs.py -> PyCoTools-3.4.3\PyCoTools\Scripts
copying PyCoTools\Scripts\run_multiple_PEs.py -> PyCoTools-3.4.3\PyCoTools\Scripts
copying PyCoTools\Scripts\submit_copasi_multijob.py -> PyCoTools-3.4.3\PyCoTools\Scripts
copying PyCoTools\Tests\EvaluateOptimizationPerformanceTests.py -> PyCoTools-3.4.3\PyCoTools\Tests
copying PyCoTools\Tests\InsertParameterFromDictTests.py -> PyCoTools-3.4.3\PyCoTools\Tests
copying PyCoTools\Tests\InsertParameterTests.py -> PyCoTools-3.4.3\PyCoTools\Tests
copying PyCoTools\Tests\PEPlotTests.py -> PyCoTools-3.4.3\PyCoTools\Tests
copying PyCoTools\Tests\ParameterEstimationTests.py -> PyCoTools-3.4.3\PyCoTools\Tests
copying PyCoTools\Tests\ParseCopasiMLTests.py -> PyCoTools-3.4.3\PyCoTools\Tests
copying PyCoTools\Tests\ParsePEDataTests.py -> PyCoTools-3.4.3\PyCoTools\Tests
copying PyCoTools\Tests\PhasePlotTests.py -> PyCoTools-3.4.3\PyCoTools\Tests
copying PyCoTools\Tests\PlotBoxplotTests.py -> PyCoTools-3.4.3\PyCoTools\Tests
copying PyCoTools\Tests\PruneCopasiParameterTests.py -> PyCoTools-3.4.3\PyCoTools\Tests
copying PyCoTools\Tests\ReportTests.py -> PyCoTools-3.4.3\PyCoTools\Tests
copying PyCoTools\Tests\ScanTests.py -> PyCoTools-3.4.3\PyCoTools\Tests
copying PyCoTools\Tests\TestModels.py -> PyCoTools-3.4.3\PyCoTools\Tests
copying PyCoTools\Tests\TimeCourseTests.py -> PyCoTools-3.4.3\PyCoTools\Tests
copying PyCoTools\Tests\VilarModel2006pycopitestModel.cps -> PyCoTools-3.4.3\PyCoTools\Tests
copying PyCoTools\Tests\__init__.py -> PyCoTools-3.4.3\PyCoTools\Tests
copying PyCoTools\Tests\pydentify2_setup_tests.py -> PyCoTools-3.4.3\PyCoTools\Tests
copying PyCoTools\Tests\pydentifyTestsFromParametersInModel.py -> PyCoTools-3.4.3\PyCoTools\Tests
copying PyCoTools\Tests\pydentify_tests.py -> PyCoTools-3.4.3\PyCoTools\Tests
Writing PyCoTools-3.4.3\setup.cfg
creating 'C:\Users\Ciaran\Documents\PyCoTools\.tox\dist\PyCoTools-3.4.3.zip' and adding 'PyCoTools-3.4.3' to it
adding 'PyCoTools-3.4.3\PKG-INFO'
adding 'PyCoTools-3.4.3\setup.cfg'
adding 'PyCoTools-3.4.3\setup.py'
adding 'PyCoTools-3.4.3\PyCoTools\cellular_automata.py'
adding 'PyCoTools-3.4.3\PyCoTools\Errors.py'
adding 'PyCoTools-3.4.3\PyCoTools\logging_config.conf'
adding 'PyCoTools-3.4.3\PyCoTools\Misc.py'
adding 'PyCoTools-3.4.3\PyCoTools\PEAnalysis.py'
adding 'PyCoTools-3.4.3\PyCoTools\pycopi.py'
adding 'PyCoTools-3.4.3\PyCoTools\pydentify2.py'
adding 'PyCoTools-3.4.3\PyCoTools\ReadMe.md'
adding 'PyCoTools-3.4.3\PyCoTools\__init__.py'
adding 'PyCoTools-3.4.3\PyCoTools\Documentation\PEAnalysis.html'
adding 'PyCoTools-3.4.3\PyCoTools\Documentation\pycpoi.html'
adding 'PyCoTools-3.4.3\PyCoTools\Documentation\pydentify2.html'
adding 'PyCoTools-3.4.3\PyCoTools\Examples\BioModelsWorkflowVersion1\AddNoiseToTimeCourseData.py'
adding 'PyCoTools-3.4.3\PyCoTools\Examples\BioModelsWorkflowVersion1\ConvertModelsToCps.py'
adding 'PyCoTools-3.4.3\PyCoTools\Examples\BioModelsWorkflowVersion1\ConvertModelsToCps.pyc'
adding 'PyCoTools-3.4.3\PyCoTools\Examples\BioModelsWorkflowVersion1\cps_file_pickle.pickle'
adding 'PyCoTools-3.4.3\PyCoTools\Examples\BioModelsWorkflowVersion1\DownloadCuratedModelsFromBioModels.py'
adding 'PyCoTools-3.4.3\PyCoTools\Examples\BioModelsWorkflowVersion1\GetStats.py'
adding 'PyCoTools-3.4.3\PyCoTools\Examples\BioModelsWorkflowVersion1\MakingPrettyGraphsForPublication.py'
adding 'PyCoTools-3.4.3\PyCoTools\Examples\BioModelsWorkflowVersion1\MedianNumberOfParameter.py'
adding 'PyCoTools-3.4.3\PyCoTools\Examples\BioModelsWorkflowVersion1\NoisySimulatedDataPickle.pickle'
adding 'PyCoTools-3.4.3\PyCoTools\Examples\BioModelsWorkflowVersion1\NumParametersData.png'
adding 'PyCoTools-3.4.3\PyCoTools\Examples\BioModelsWorkflowVersion1\PlotPLs.py'
adding 'PyCoTools-3.4.3\PyCoTools\Examples\BioModelsWorkflowVersion1\PlotSpaceSpaceForEachModel.py'
adding 'PyCoTools-3.4.3\PyCoTools\Examples\BioModelsWorkflowVersion1\PrunePEDataHeaders.py'
adding 'PyCoTools-3.4.3\PyCoTools\Examples\BioModelsWorkflowVersion1\ReadMe.txt'
adding 'PyCoTools-3.4.3\PyCoTools\Examples\BioModelsWorkflowVersion1\Run1PL.py'
adding 'PyCoTools-3.4.3\PyCoTools\Examples\BioModelsWorkflowVersion1\RunParameterEstimationForEachModel.py'
adding 'PyCoTools-3.4.3\PyCoTools\Examples\BioModelsWorkflowVersion1\RunProfileLikelihoodOnEachModel.py'
adding 'PyCoTools-3.4.3\PyCoTools\Examples\BioModelsWorkflowVersion1\RunTimeCourseForEachModel.py'
adding 'PyCoTools-3.4.3\PyCoTools\Examples\BioModelsWorkflowVersion1\RunWorkflow.py'
adding 'PyCoTools-3.4.3\PyCoTools\Examples\BioModelsWorkflowVersion1\timecourseResultPickle.pickle'
adding 'PyCoTools-3.4.3\PyCoTools\Examples\KholodenkoExample\1GlobalPEData.pickle'
adding 'PyCoTools-3.4.3\PyCoTools\Examples\KholodenkoExample\1LocalPEData.pickle'
adding 'PyCoTools-3.4.3\PyCoTools\Examples\KholodenkoExample\2GlobalPEData.pickle'
adding 'PyCoTools-3.4.3\PyCoTools\Examples\KholodenkoExample\2LocalPEData.pickle'
adding 'PyCoTools-3.4.3\PyCoTools\Examples\KholodenkoExample\AddNoiseToKholodenkoTimeCourse.py'
adding 'PyCoTools-3.4.3\PyCoTools\Examples\KholodenkoExample\AddNoiseToKholodenkoTimeCourse.pyc'
adding 'PyCoTools-3.4.3\PyCoTools\Examples\KholodenkoExample\AnalyseLocalParameterEstimationWithKholodenko.py'
adding 'PyCoTools-3.4.3\PyCoTools\Examples\KholodenkoExample\AnalyseParameterEstimationWithKholodenko.py'
adding 'PyCoTools-3.4.3\PyCoTools\Examples\KholodenkoExample\BIOMD0000000010 (2).xml'
adding 'PyCoTools-3.4.3\PyCoTools\Examples\KholodenkoExample\ComparePEMethods.py'
adding 'PyCoTools-3.4.3\PyCoTools\Examples\KholodenkoExample\D__MPhil_Python_My_Python_Modules_Modelling_Tools_PyCoTools_PyCoTools_Examples_Celliere2011Example_NoisyCelliere2011TimeCourseOutput.txt'
adding 'PyCoTools-3.4.3\PyCoTools\Examples\KholodenkoExample\Figure1AWorkflow.PNG'
adding 'PyCoTools-3.4.3\PyCoTools\Examples\KholodenkoExample\FilePaths.py'
adding 'PyCoTools-3.4.3\PyCoTools\Examples\KholodenkoExample\FilePaths.pyc'
adding 'PyCoTools-3.4.3\PyCoTools\Examples\KholodenkoExample\fitItemTemplate.JPG'
adding 'PyCoTools-3.4.3\PyCoTools\Examples\KholodenkoExample\fitItemTemplate.xlsx'
adding 'PyCoTools-3.4.3\PyCoTools\Examples\KholodenkoExample\Kholodenko.cps'
adding 'PyCoTools-3.4.3\PyCoTools\Examples\KholodenkoExample\Kholodenko2000Network.xml'
adding 'PyCoTools-3.4.3\PyCoTools\Examples\KholodenkoExample\KholodenkoNetworkImage.PNG'
adding 'PyCoTools-3.4.3\PyCoTools\Examples\KholodenkoExample\KholodenkoTimeCourseOutput.txt'
adding 'PyCoTools-3.4.3\PyCoTools\Examples\KholodenkoExample\Kholodenko_PE_results.txt'
adding 'PyCoTools-3.4.3\PyCoTools\Examples\KholodenkoExample\Kholodenko_temp_TimeCourse.txt'
adding 'PyCoTools-3.4.3\PyCoTools\Examples\KholodenkoExample\Kholodenko_TimeCourse.txt'
adding 'PyCoTools-3.4.3\PyCoTools\Examples\KholodenkoExample\LocalPEData.txt'
adding 'PyCoTools-3.4.3\PyCoTools\Examples\KholodenkoExample\LocalPEData0.txt'
adding 'PyCoTools-3.4.3\PyCoTools\Examples\KholodenkoExample\log.log'
adding 'PyCoTools-3.4.3\PyCoTools\Examples\KholodenkoExample\ModelCalibrationWorkflow.ipynb'
adding 'PyCoTools-3.4.3\PyCoTools\Examples\KholodenkoExample\NoisyKholodenkoTimeCourseOutput.txt'
adding 'PyCoTools-3.4.3\PyCoTools\Examples\KholodenkoExample\NoisyKholodenkoTimeCourseOutput2.txt'
adding 'PyCoTools-3.4.3\PyCoTools\Examples\KholodenkoExample\PEData.pickle'
adding 'PyCoTools-3.4.3\PyCoTools\Examples\KholodenkoExample\PEResultsFile.txt'
adding 'PyCoTools-3.4.3\PyCoTools\Examples\KholodenkoExample\PlotPLWithKholodenko.py'
adding 'PyCoTools-3.4.3\PyCoTools\Examples\KholodenkoExample\Profile.txt'
adding 'PyCoTools-3.4.3\PyCoTools\Examples\KholodenkoExample\PyCoToolsTutorial.ipynb'
adding 'PyCoTools-3.4.3\PyCoTools\Examples\KholodenkoExample\RealKholodenko2000Parameters.PNG'
adding 'PyCoTools-3.4.3\PyCoTools\Examples\KholodenkoExample\RunLocalPEWithKholodenko.py'
adding 'PyCoTools-3.4.3\PyCoTools\Examples\KholodenkoExample\RunParameterEstimationWithKholodenko.py'
adding 'PyCoTools-3.4.3\PyCoTools\Examples\KholodenkoExample\RunPLWithKholodenko.py'
adding 'PyCoTools-3.4.3\PyCoTools\Examples\KholodenkoExample\RunTimeCourseWithKholodenko.py'
adding 'PyCoTools-3.4.3\PyCoTools\Examples\KholodenkoExample\RunTimeCourseWithKholodenko.pyc'
adding 'PyCoTools-3.4.3\PyCoTools\Examples\KholodenkoExample\TimeCourseOutput.txt'
adding 'PyCoTools-3.4.3\PyCoTools\Examples\KholodenkoExample\__init__.py'
adding 'PyCoTools-3.4.3\PyCoTools\PyCoToolsTutorial\FilePaths.py'
adding 'PyCoTools-3.4.3\PyCoTools\PyCoToolsTutorial\Getting Model Quantities.ipynb'
adding 'PyCoTools-3.4.3\PyCoTools\PyCoToolsTutorial\Identifiability Analysis.ipynb'
adding 'PyCoTools-3.4.3\PyCoTools\PyCoToolsTutorial\InsertParameters.ipynb'
adding 'PyCoTools-3.4.3\PyCoTools\PyCoToolsTutorial\InstallationAndConfiguration.ipynb'
adding 'PyCoTools-3.4.3\PyCoTools\PyCoToolsTutorial\Kholodenko.cps'
adding 'PyCoTools-3.4.3\PyCoTools\PyCoToolsTutorial\ModelSelection.ipynb'
adding 'PyCoTools-3.4.3\PyCoTools\PyCoToolsTutorial\MultipleParameterEstimations.ipynb'
adding 'PyCoTools-3.4.3\PyCoTools\PyCoToolsTutorial\ParameterEstimationAnalysis.ipynb'
adding 'PyCoTools-3.4.3\PyCoTools\PyCoToolsTutorial\Profile Likelihoods.ipynb'
adding 'PyCoTools-3.4.3\PyCoTools\PyCoToolsTutorial\PyCoToolsTutorial.html'
adding 'PyCoTools-3.4.3\PyCoTools\PyCoToolsTutorial\PyCoToolsTutorial.ipynb'
adding 'PyCoTools-3.4.3\PyCoTools\PyCoToolsTutorial\References.ipynb'
adding 'PyCoTools-3.4.3\PyCoTools\PyCoToolsTutorial\Scan.ipynb'
adding 'PyCoTools-3.4.3\PyCoTools\PyCoToolsTutorial\Scripts.ipynb'
adding 'PyCoTools-3.4.3\PyCoTools\PyCoToolsTutorial\Single Parameter Estimations.ipynb'
adding 'PyCoTools-3.4.3\PyCoTools\PyCoToolsTutorial\Timecourse.ipynb'
adding 'PyCoTools-3.4.3\PyCoTools\PyCoToolsTutorial\__init__.py'
adding 'PyCoTools-3.4.3\PyCoTools\Scripts\calculate_biomodels_computation_time.py'
adding 'PyCoTools-3.4.3\PyCoTools\Scripts\compare_sim_vs_exp.py'
adding 'PyCoTools-3.4.3\PyCoTools\Scripts\delete_SGE_jobs.py'
adding 'PyCoTools-3.4.3\PyCoTools\Scripts\fit_analysis.py'
adding 'PyCoTools-3.4.3\PyCoTools\Scripts\insertPE.py'
adding 'PyCoTools-3.4.3\PyCoTools\Scripts\ls.py'
adding 'PyCoTools-3.4.3\PyCoTools\Scripts\plot_PL.py'
adding 'PyCoTools-3.4.3\PyCoTools\Scripts\pydentify_biomodels.py'
adding 'PyCoTools-3.4.3\PyCoTools\Scripts\pydentify_model.py'
adding 'PyCoTools-3.4.3\PyCoTools\Scripts\run_local_chaser_PEs.py'
adding 'PyCoTools-3.4.3\PyCoTools\Scripts\run_multiple_PEs.py'
adding 'PyCoTools-3.4.3\PyCoTools\Scripts\run_PL.py'
adding 'PyCoTools-3.4.3\PyCoTools\Scripts\submit_copasi_multijob.py'
adding 'PyCoTools-3.4.3\PyCoTools\Scripts\__init__.py'
adding 'PyCoTools-3.4.3\PyCoTools\Tests\EvaluateOptimizationPerformanceTests.py'
adding 'PyCoTools-3.4.3\PyCoTools\Tests\InsertParameterFromDictTests.py'
adding 'PyCoTools-3.4.3\PyCoTools\Tests\InsertParameterTests.py'
adding 'PyCoTools-3.4.3\PyCoTools\Tests\ParameterEstimationTests.py'
adding 'PyCoTools-3.4.3\PyCoTools\Tests\ParseCopasiMLTests.py'
adding 'PyCoTools-3.4.3\PyCoTools\Tests\ParsePEDataTests.py'
adding 'PyCoTools-3.4.3\PyCoTools\Tests\PEPlotTests.py'
adding 'PyCoTools-3.4.3\PyCoTools\Tests\PhasePlotTests.py'
adding 'PyCoTools-3.4.3\PyCoTools\Tests\PlotBoxplotTests.py'
adding 'PyCoTools-3.4.3\PyCoTools\Tests\PruneCopasiParameterTests.py'
adding 'PyCoTools-3.4.3\PyCoTools\Tests\pydentify2_setup_tests.py'
adding 'PyCoTools-3.4.3\PyCoTools\Tests\pydentifyTestsFromParametersInModel.py'
adding 'PyCoTools-3.4.3\PyCoTools\Tests\pydentify_tests.py'
adding 'PyCoTools-3.4.3\PyCoTools\Tests\ReportTests.py'
adding 'PyCoTools-3.4.3\PyCoTools\Tests\ScanTests.py'
adding 'PyCoTools-3.4.3\PyCoTools\Tests\TestModels.py'
adding 'PyCoTools-3.4.3\PyCoTools\Tests\TimeCourseTests.py'
adding 'PyCoTools-3.4.3\PyCoTools\Tests\VilarModel2006pycopitestModel.cps'
adding 'PyCoTools-3.4.3\PyCoTools\Tests\__init__.py'
adding 'PyCoTools-3.4.3\PyCoTools.egg-info\dependency_links.txt'
adding 'PyCoTools-3.4.3\PyCoTools.egg-info\PKG-INFO'
adding 'PyCoTools-3.4.3\PyCoTools.egg-info\requires.txt'
adding 'PyCoTools-3.4.3\PyCoTools.egg-info\SOURCES.txt'
adding 'PyCoTools-3.4.3\PyCoTools.egg-info\top_level.txt'
removing 'PyCoTools-3.4.3' (and everything under it)
