INFO:root:__init__:<module>:27:Initializing pycotools
INFO:root:__init__:<module>:28:Initializing logging System
INFO:root:__init__:<module>:29:logging config file at: /home/b3053674/anaconda2/envs/pycotools/lib/python2.7/site-packages/pycotools/logging_config.conf
INFO:root:ZiOnCluster:<module>:162:configuring parameter estimations
INFO:root:__init__:<module>:27:Initializing pycotools
INFO:root:__init__:<module>:28:Initializing logging System
INFO:root:__init__:<module>:29:logging config file at: /home/b3053674/anaconda2/envs/pycotools/lib/python2.7/site-packages/pycotools/logging_config.conf
INFO:root:ZiOnCluster:<module>:162:configuring parameter estimations
INFO:pycotools.tasks:tasks:create_workspace:4220:Creating workspace from project_dir
INFO:pycotools.tasks:tasks:create_workspace:4238:Workspace created
INFO:root:__init__:<module>:27:Initializing pycotools
INFO:root:__init__:<module>:28:Initializing logging System
INFO:root:__init__:<module>:29:logging config file at: /home/b3053674/anaconda2/envs/pycotools/lib/python2.7/site-packages/pycotools/logging_config.conf
INFO:root:ZiOnCluster:<module>:162:configuring parameter estimations
INFO:pycotools.tasks:tasks:create_workspace:4220:Creating workspace from project_dir
INFO:pycotools.tasks:tasks:create_workspace:4238:Workspace created
INFO:root:__init__:<module>:27:Initializing pycotools
INFO:root:__init__:<module>:28:Initializing logging System
INFO:root:__init__:<module>:29:logging config file at: /home/b3053674/anaconda2/envs/pycotools/lib/python2.7/site-packages/pycotools/logging_config.conf
INFO:root:ZiOnCluster:<module>:162:configuring parameter estimations
INFO:pycotools.tasks:tasks:create_workspace:4220:Creating workspace from project_dir
INFO:pycotools.tasks:tasks:create_workspace:4238:Workspace created
INFO:root:__init__:<module>:27:Initializing pycotools
INFO:root:__init__:<module>:28:Initializing logging System
INFO:root:__init__:<module>:29:logging config file at: /home/b3053674/Documents/pycotools/pycotools/logging_config.conf
INFO:root:ZiOnCluster:<module>:162:configuring parameter estimations
DEBUG:pycotools.tasks:tasks:read_fit_config:4203:project dir is --> /home/b3053674/Documents/Models/2017/10_Oct/Smad7Fit2/Fit1Dir
INFO:pycotools.tasks:tasks:create_workspace:4168:Creating workspace from project_dir
INFO:pycotools.tasks:tasks:create_workspace:4186:Workspace created
INFO:root:__init__:<module>:27:Initializing pycotools
INFO:root:__init__:<module>:28:Initializing logging System
INFO:root:__init__:<module>:29:logging config file at: /home/b3053674/Documents/pycotools/pycotools/logging_config.conf
INFO:root:ZiOnCluster:<module>:162:configuring parameter estimations
DEBUG:pycotools.tasks:tasks:read_fit_config:4203:project dir is --> /home/b3053674/Documents/Models/2017/10_Oct/Smad7Fit2/Fit1Dir
INFO:pycotools.tasks:tasks:create_workspace:4168:Creating workspace from project_dir
INFO:pycotools.tasks:tasks:create_workspace:4186:Workspace created
